<?xml version="1.0" encoding="UTF-8"?>
<!-- Generated by org.testng.reporters.JUnitXMLReporter -->
<testsuite hostname="lenovo" ignored="0" name="Default test" tests="9" failures="0" timestamp="26 Jan 2019 01:24:49 GMT" time="67.874" errors="0">
  <testcase name="loginUserTest" time="26.195" classname="com.olympic.test.olympictrial"/>
  <testcase name="searchShopFromListTest" time="6.562" classname="com.olympic.test.olympictrial"/>
  <testcase name="enterItemListTest" time="3.122" classname="com.olympic.test.olympictrial"/>
  <testcase name="findFromSearchResultTest" time="6.552" classname="com.olympic.test.olympictrial"/>
  <testcase name="selectTheProductTest" time="3.321" classname="com.olympic.test.olympictrial"/>
  <testcase name="addToTrolyTest" time="3.317" classname="com.olympic.test.olympictrial"/>
  <testcase name="selectTheTrolyTest" time="3.275" classname="com.olympic.test.olympictrial"/>
  <testcase name="clickViewAllTest" time="3.299" classname="com.olympic.test.olympictrial"/>
  <testcase name="saveTrolyTest" time="3.614" classname="com.olympic.test.olympictrial"/>
</testsuite> <!-- Default test -->
